<?xml version="1.0" encoding="UTF-8"?>
<testsuites name="TestOrderNurse" time="19.047" tests="1" failures="0" errors="0">
   <testsuite name="TestOrderNurse" tests="1" failures="0" errors="0" time="19.047" skipped="0" timestamp="2022-02-04 15:04:41" hostname="thega - DESKTOP-M8L3GBA" id="Test Suites/TestOrderNurse">
      <properties>
         <property name="deviceName" value=""/>
         <property name="devicePlatform" value=""/>
         <property name="logFolder" value="C:\\Users\\thega\\Katalon Studio\\HM_AutomationTest\\Reports\\20220204_150433\\TestOrderNurse\\20220204_150436"/>
         <property name="logFiles" value="C:\\Users\\thega\\Katalon Studio\\HM_AutomationTest\\Reports\\20220204_150433\\TestOrderNurse\\20220204_150436\\execution0.log"/>
         <property name="attachments" value=""/>
         <property name="hostName" value="thega - DESKTOP-M8L3GBA"/>
         <property name="os" value="Windows 10 64bit"/>
         <property name="katalonVersion" value="8.2.5.208"/>
         <property name="browser" value="Chrome 98.0.4758.82"/>
         <property name="hostAddress" value="192.168.0.12"/>
         <property name="sessionId" value="f38fbcff365632b37c6c9b93dd828fe9"/>
         <property name="seleniumVersion" value="3.141.59"/>
         <property name="proxyInformation" value="ProxyInformation { proxyOption=NO_PROXY, proxyServerType=HTTP, username=, password=********, proxyServerAddress=, proxyServerPort=0, executionList=&quot;&quot;, isApplyToDesiredCapabilities=true }"/>
         <property name="platform" value="Windows 10"/>
      </properties>
      <testcase name="Test Cases/Flow_OrderNurse" time="18.659" classname="Test Cases/Flow_OrderNurse" status="PASSED">
         <system-out><![CDATA[2022-02-04 15:04:41 - [TEST_CASE][PASSED] - Test Cases/Flow_OrderNurse: Test Cases/Flow_OrderNurse

2022-02-04 15:04:41 - [TEST_STEP][PASSED] - openBrowser(""): Browser is opened with url: ''

2022-02-04 15:04:42 - [MESSAGE][INFO] - Starting 'Chrome' driver

2022-02-04 15:04:42 - [MESSAGE][INFO] - Action delay is set to 0 milliseconds

2022-02-04 15:04:46 - [MESSAGE][PASSED] - Browser is opened with url: ''

2022-02-04 15:04:46 - [TEST_STEP][PASSED] - navigateToUrl("http://43.229.79.185/hmdev/#/login"): Navigate to 'http://43.229.79.185/hmdev/#/login' successfully

2022-02-04 15:04:52 - [MESSAGE][PASSED] - Navigate to 'http://43.229.79.185/hmdev/#/login' successfully

2022-02-04 15:04:52 - [TEST_STEP][PASSED] - setText(findTestObject("Order_Med/Page_HM Web/input_Welcome to HM Systems_username"), "00023"): Text '00023' is set on object 'Object Repository/Order_Med/Page_HM Web/input_Welcome to HM Systems_username'

2022-02-04 15:04:53 - [MESSAGE][PASSED] - Text '00023' is set on object 'Object Repository/Order_Med/Page_HM Web/input_Welcome to HM Systems_username'

2022-02-04 15:04:53 - [TEST_STEP][PASSED] - setEncryptedText(findTestObject("Order_Med/Page_HM Web/input_Welcome to HM Systems_password"), "1lNO57yZFUU="): Text ****** has been set on object 'Object Repository/Order_Med/Page_HM Web/input_Welcome to HM Systems_password'

2022-02-04 15:04:54 - [MESSAGE][PASSED] - Text ****** has been set on object 'Object Repository/Order_Med/Page_HM Web/input_Welcome to HM Systems_password'

2022-02-04 15:04:54 - [TEST_STEP][PASSED] - click(findTestObject("Order_Med/Page_HM Web/button_Login")): Object: 'Object Repository/Order_Med/Page_HM Web/button_Login' is clicked on

2022-02-04 15:04:54 - [MESSAGE][PASSED] - Object: 'Object Repository/Order_Med/Page_HM Web/button_Login' is clicked on

2022-02-04 15:04:54 - [TEST_STEP][PASSED] - click(findTestObject("Order_Med/Page_HM Web/span_IPD")): Object: 'Object Repository/Order_Med/Page_HM Web/span_IPD' is clicked on

2022-02-04 15:04:59 - [MESSAGE][PASSED] - Object: 'Object Repository/Order_Med/Page_HM Web/span_IPD' is clicked on

2022-02-04 15:04:59 - [TEST_STEP][PASSED] - click(findTestObject("Order_Med/Page_HM Web/label_06 MS33")): Object: 'Object Repository/Order_Med/Page_HM Web/label_06 MS33' is clicked on

2022-02-04 15:05:00 - [MESSAGE][PASSED] - Object: 'Object Repository/Order_Med/Page_HM Web/label_06 MS33' is clicked on]]></system-out>
         <system-err><![CDATA[]]></system-err>
      </testcase>
      <system-out><![CDATA[2022-02-04 15:04:41 - [TEST_SUITE][PASSED] - TestOrderNurse: Test Cases/Flow_OrderNurse]]></system-out>
      <system-err><![CDATA[]]></system-err>
   </testsuite>
</testsuites>
