<?xml version="1.0" encoding="UTF-8"?>
<testsuites name="TestOrderDoc" time="13.98" tests="1" failures="0" errors="0">
   <testsuite name="TestOrderDoc" tests="1" failures="0" errors="0" time="13.98" skipped="0" timestamp="2022-02-04 15:02:15" hostname="thega - DESKTOP-M8L3GBA" id="Test Suites/TestOrderDoc">
      <properties>
         <property name="deviceName" value=""/>
         <property name="devicePlatform" value=""/>
         <property name="logFolder" value="C:\\Users\\thega\\Katalon Studio\\HM_AutomationTest\\Reports\\20220204_150211\\TestOrderDoc\\20220204_150212"/>
         <property name="logFiles" value="C:\\Users\\thega\\Katalon Studio\\HM_AutomationTest\\Reports\\20220204_150211\\TestOrderDoc\\20220204_150212\\execution0.log"/>
         <property name="attachments" value=""/>
         <property name="hostName" value="thega - DESKTOP-M8L3GBA"/>
         <property name="os" value="Windows 10 64bit"/>
         <property name="katalonVersion" value="8.2.5.208"/>
         <property name="browser" value="Chrome 98.0.4758.82"/>
         <property name="hostAddress" value="192.168.0.12"/>
         <property name="sessionId" value="7ff4cf330ef8d61acc7c2fdacab7443e"/>
         <property name="seleniumVersion" value="3.141.59"/>
         <property name="proxyInformation" value="ProxyInformation { proxyOption=NO_PROXY, proxyServerType=HTTP, username=, password=********, proxyServerAddress=, proxyServerPort=0, executionList=&quot;&quot;, isApplyToDesiredCapabilities=true }"/>
         <property name="platform" value="Windows 10"/>
      </properties>
      <testcase name="Test Cases/Flow_OrderDoc" time="13.668" classname="Test Cases/Flow_OrderDoc" status="PASSED">
         <system-out><![CDATA[2022-02-04 15:02:15 - [TEST_CASE][PASSED] - Test Cases/Flow_OrderDoc: Test Cases/Flow_OrderDoc

2022-02-04 15:02:16 - [TEST_STEP][PASSED] - openBrowser(""): Browser is opened with url: ''

2022-02-04 15:02:16 - [MESSAGE][INFO] - Starting 'Chrome' driver

2022-02-04 15:02:16 - [MESSAGE][INFO] - Action delay is set to 0 milliseconds

2022-02-04 15:02:18 - [MESSAGE][PASSED] - Browser is opened with url: ''

2022-02-04 15:02:18 - [TEST_STEP][PASSED] - navigateToUrl("http://43.229.79.185/hmdev/#/login"): Navigate to 'http://43.229.79.185/hmdev/#/login' successfully

2022-02-04 15:02:22 - [MESSAGE][PASSED] - Navigate to 'http://43.229.79.185/hmdev/#/login' successfully

2022-02-04 15:02:22 - [TEST_STEP][PASSED] - setText(findTestObject("Order_Med/Page_HM Web/input_Welcome to HM Systems_username"), "00020"): Text '00020' is set on object 'Object Repository/Order_Med/Page_HM Web/input_Welcome to HM Systems_username'

2022-02-04 15:02:24 - [MESSAGE][PASSED] - Text '00020' is set on object 'Object Repository/Order_Med/Page_HM Web/input_Welcome to HM Systems_username'

2022-02-04 15:02:24 - [TEST_STEP][PASSED] - setEncryptedText(findTestObject("Order_Med/Page_HM Web/input_Welcome to HM Systems_password"), "1lNO57yZFUU="): Text ****** has been set on object 'Object Repository/Order_Med/Page_HM Web/input_Welcome to HM Systems_password'

2022-02-04 15:02:24 - [MESSAGE][PASSED] - Text ****** has been set on object 'Object Repository/Order_Med/Page_HM Web/input_Welcome to HM Systems_password'

2022-02-04 15:02:24 - [TEST_STEP][PASSED] - click(findTestObject("Order_Med/Page_HM Web/button_Login")): Object: 'Object Repository/Order_Med/Page_HM Web/button_Login' is clicked on

2022-02-04 15:02:25 - [MESSAGE][PASSED] - Object: 'Object Repository/Order_Med/Page_HM Web/button_Login' is clicked on

2022-02-04 15:02:25 - [TEST_STEP][PASSED] - click(findTestObject("Order_Med/Page_HM Web/span_IPD")): Object: 'Object Repository/Order_Med/Page_HM Web/span_IPD' is clicked on

2022-02-04 15:02:27 - [MESSAGE][PASSED] - Object: 'Object Repository/Order_Med/Page_HM Web/span_IPD' is clicked on

2022-02-04 15:02:27 - [TEST_STEP][PASSED] - click(findTestObject("Order_Med/Page_HM Web/label_06 MS33")): Object: 'Object Repository/Order_Med/Page_HM Web/label_06 MS33' is clicked on

2022-02-04 15:02:28 - [MESSAGE][PASSED] - Object: 'Object Repository/Order_Med/Page_HM Web/label_06 MS33' is clicked on

2022-02-04 15:02:28 - [TEST_STEP][PASSED] - click(findTestObject("Order_Med/Page_HM Web/div_29 xxxxHN 0019295 26012022 1720")): Object: 'Object Repository/Order_Med/Page_HM Web/div_29 xxxxHN 0019295 26012022 1720' is clicked on

2022-02-04 15:02:29 - [MESSAGE][PASSED] - Object: 'Object Repository/Order_Med/Page_HM Web/div_29 xxxxHN 0019295 26012022 1720' is clicked on]]></system-out>
         <system-err><![CDATA[]]></system-err>
      </testcase>
      <system-out><![CDATA[2022-02-04 15:02:15 - [TEST_SUITE][PASSED] - TestOrderDoc: Test Cases/Flow_OrderDoc]]></system-out>
      <system-err><![CDATA[]]></system-err>
   </testsuite>
</testsuites>
